<?xml version="1.0" encoding="UTF-8"?>
<!-- Generated by org.testng.reporters.JUnitXMLReporter -->
<testsuite hostname="LAPTOP-29GF51J2" ignored="10" name="TS001" tests="8" failures="0" timestamp="25 Aug 2018 20:13:27 GMT" time="169.132" errors="0">
  <testcase name="validaeSignIn" time="9.41" classname="com.index.testapplication.TestOne"/>
  <testcase name="validateWarningMsgs" time="62.088" classname="com.index.testapplication.TestOne"/>
  <testcase name="validateListItems" time="4.316" classname="com.index.testapplication.TestTwo"/>
  <testcase name="validateListItemValues" time="6.936" classname="com.index.testapplication.TestTwo"/>
  <testcase name="validateDropdownValues" time="8.007" classname="com.index.testapplication.TestThree"/>
  <testcase name="validateButtons" time="4.991" classname="com.index.testapplication.TestFour"/>
  <testcase name="validateConfirmMsg" time="19.181" classname="com.index.testapplication.TestFive"/>
  <testcase name="validateTable" time="4.933" classname="com.index.testapplication.TestSix"/>
  <testcase name="@BeforeSuite startReport" time="0.0" classname="com.testapplication.testbase.BaseTest">
    <ignored/>
  </testcase> <!-- @BeforeSuite startReport -->
  <testcase name="@BeforeSuite startReport" time="0.0" classname="com.testapplication.testbase.BaseTest">
    <ignored/>
  </testcase> <!-- @BeforeSuite startReport -->
  <testcase name="@BeforeSuite startReport" time="0.0" classname="com.testapplication.testbase.BaseTest">
    <ignored/>
  </testcase> <!-- @BeforeSuite startReport -->
  <testcase name="@BeforeSuite startReport" time="0.0" classname="com.testapplication.testbase.BaseTest">
    <ignored/>
  </testcase> <!-- @BeforeSuite startReport -->
  <testcase name="@BeforeSuite startReport" time="0.0" classname="com.testapplication.testbase.BaseTest">
    <ignored/>
  </testcase> <!-- @BeforeSuite startReport -->
  <testcase name="@AfterSuite stopReport" time="0.0" classname="com.testapplication.testbase.BaseTest">
    <ignored/>
  </testcase> <!-- @AfterSuite stopReport -->
  <testcase name="@AfterSuite stopReport" time="0.0" classname="com.testapplication.testbase.BaseTest">
    <ignored/>
  </testcase> <!-- @AfterSuite stopReport -->
  <testcase name="@AfterSuite stopReport" time="0.0" classname="com.testapplication.testbase.BaseTest">
    <ignored/>
  </testcase> <!-- @AfterSuite stopReport -->
  <testcase name="@AfterSuite stopReport" time="0.0" classname="com.testapplication.testbase.BaseTest">
    <ignored/>
  </testcase> <!-- @AfterSuite stopReport -->
  <testcase name="@AfterSuite stopReport" time="0.0" classname="com.testapplication.testbase.BaseTest">
    <ignored/>
  </testcase> <!-- @AfterSuite stopReport -->
</testsuite> <!-- TS001 -->
